2024-09-29 09:09:07 [error]: Error verifying Google token: Wrong number of segments in token: 100855399028765525123 - Error: Wrong number of segments in token: 100855399028765525123
    at OAuth2Client.verifySignedJwtWithCertsAsync (C:\vs_code\lengolf_booking\node_modules\google-auth-library\build\src\auth\oauth2client.js:655:19)
    at OAuth2Client.verifyIdTokenAsync (C:\vs_code\lengolf_booking\node_modules\google-auth-library\build\src\auth\oauth2client.js:508:34)
    at process.processTicksAndRejections (node:internal/process/task_queues:95:5)
    at async exports.login (C:\vs_code\lengolf_booking\controllers\authController.js:22:24)
2024-09-29 09:09:53 [error]: Error verifying Google token: customerService.getCustomerDataById is not a function - TypeError: customerService.getCustomerDataById is not a function
    at exports.login (C:\vs_code\lengolf_booking\controllers\authController.js:33:52)
    at process.processTicksAndRejections (node:internal/process/task_queues:95:5)
2024-09-29 09:15:11 [error]: Error verifying Google token: customerService.getCustomerDataById is not a function - TypeError: customerService.getCustomerDataById is not a function
    at exports.login (C:\vs_code\lengolf_booking\controllers\authController.js:33:52)
    at process.processTicksAndRejections (node:internal/process/task_queues:95:5)
2024-09-29 09:16:36 [error]: Error fetching customer data from Google Sheets: Could not load the default credentials. Browse to https://cloud.google.com/docs/authentication/getting-started for more information. - Error: Could not load the default credentials. Browse to https://cloud.google.com/docs/authentication/getting-started for more information.
    at GoogleAuth.getApplicationDefaultAsync (C:\vs_code\lengolf_booking\node_modules\googleapis-common\node_modules\google-auth-library\build\src\auth\googleauth.js:207:19)
    at process.processTicksAndRejections (node:internal/process/task_queues:95:5)
    at async GoogleAuth.getClient (C:\vs_code\lengolf_booking\node_modules\googleapis-common\node_modules\google-auth-library\build\src\auth\googleauth.js:624:17)
    at async GoogleAuth.request (C:\vs_code\lengolf_booking\node_modules\googleapis-common\node_modules\google-auth-library\build\src\auth\googleauth.js:677:24)
    at async Object.getAllCustomers (C:\vs_code\lengolf_booking\services\google\sheetsService.js:20:26)
    at async Object.getCustomerData (C:\vs_code\lengolf_booking\services\customerService.js:12:18)
    at async exports.login (C:\vs_code\lengolf_booking\controllers\authController.js:33:30)
2024-09-29 09:16:36 [error]: Error verifying Google token: Could not load the default credentials. Browse to https://cloud.google.com/docs/authentication/getting-started for more information. - Error: Could not load the default credentials. Browse to https://cloud.google.com/docs/authentication/getting-started for more information.
    at GoogleAuth.getApplicationDefaultAsync (C:\vs_code\lengolf_booking\node_modules\googleapis-common\node_modules\google-auth-library\build\src\auth\googleauth.js:207:19)
    at process.processTicksAndRejections (node:internal/process/task_queues:95:5)
    at async GoogleAuth.getClient (C:\vs_code\lengolf_booking\node_modules\googleapis-common\node_modules\google-auth-library\build\src\auth\googleauth.js:624:17)
    at async GoogleAuth.request (C:\vs_code\lengolf_booking\node_modules\googleapis-common\node_modules\google-auth-library\build\src\auth\googleauth.js:677:24)
    at async Object.getAllCustomers (C:\vs_code\lengolf_booking\services\google\sheetsService.js:20:26)
    at async Object.getCustomerData (C:\vs_code\lengolf_booking\services\customerService.js:12:18)
    at async exports.login (C:\vs_code\lengolf_booking\controllers\authController.js:33:30)
2024-09-29 09:19:18 [error]: Error verifying Google token: Wrong number of segments in token: 100855399028765525123 - Error: Wrong number of segments in token: 100855399028765525123
    at OAuth2Client.verifySignedJwtWithCertsAsync (C:\vs_code\lengolf_booking\node_modules\google-auth-library\build\src\auth\oauth2client.js:655:19)
    at OAuth2Client.verifyIdTokenAsync (C:\vs_code\lengolf_booking\node_modules\google-auth-library\build\src\auth\oauth2client.js:508:34)
    at process.processTicksAndRejections (node:internal/process/task_queues:95:5)
    at async exports.login (C:\vs_code\lengolf_booking\controllers\authController.js:22:24)
2024-09-29 09:19:37 [error]: Error fetching customer data from Google Sheets: Could not load the default credentials. Browse to https://cloud.google.com/docs/authentication/getting-started for more information. - Error: Could not load the default credentials. Browse to https://cloud.google.com/docs/authentication/getting-started for more information.
    at GoogleAuth.getApplicationDefaultAsync (C:\vs_code\lengolf_booking\node_modules\googleapis-common\node_modules\google-auth-library\build\src\auth\googleauth.js:207:19)
    at process.processTicksAndRejections (node:internal/process/task_queues:95:5)
    at async GoogleAuth.getClient (C:\vs_code\lengolf_booking\node_modules\googleapis-common\node_modules\google-auth-library\build\src\auth\googleauth.js:624:17)
    at async GoogleAuth.request (C:\vs_code\lengolf_booking\node_modules\googleapis-common\node_modules\google-auth-library\build\src\auth\googleauth.js:677:24)
    at async Object.getAllCustomers (C:\vs_code\lengolf_booking\services\google\sheetsService.js:20:26)
    at async Object.getCustomerData (C:\vs_code\lengolf_booking\services\customerService.js:12:18)
    at async exports.login (C:\vs_code\lengolf_booking\controllers\authController.js:33:30)
2024-09-29 09:19:37 [error]: Error verifying Google token: Could not load the default credentials. Browse to https://cloud.google.com/docs/authentication/getting-started for more information. - Error: Could not load the default credentials. Browse to https://cloud.google.com/docs/authentication/getting-started for more information.
    at GoogleAuth.getApplicationDefaultAsync (C:\vs_code\lengolf_booking\node_modules\googleapis-common\node_modules\google-auth-library\build\src\auth\googleauth.js:207:19)
    at process.processTicksAndRejections (node:internal/process/task_queues:95:5)
    at async GoogleAuth.getClient (C:\vs_code\lengolf_booking\node_modules\googleapis-common\node_modules\google-auth-library\build\src\auth\googleauth.js:624:17)
    at async GoogleAuth.request (C:\vs_code\lengolf_booking\node_modules\googleapis-common\node_modules\google-auth-library\build\src\auth\googleauth.js:677:24)
    at async Object.getAllCustomers (C:\vs_code\lengolf_booking\services\google\sheetsService.js:20:26)
    at async Object.getCustomerData (C:\vs_code\lengolf_booking\services\customerService.js:12:18)
    at async exports.login (C:\vs_code\lengolf_booking\controllers\authController.js:33:30)
2024-09-29 09:20:02 [error]: Error fetching customer data from Google Sheets: Could not load the default credentials. Browse to https://cloud.google.com/docs/authentication/getting-started for more information. - Error: Could not load the default credentials. Browse to https://cloud.google.com/docs/authentication/getting-started for more information.
    at GoogleAuth.getApplicationDefaultAsync (C:\vs_code\lengolf_booking\node_modules\googleapis-common\node_modules\google-auth-library\build\src\auth\googleauth.js:207:19)
    at process.processTicksAndRejections (node:internal/process/task_queues:95:5)
    at async GoogleAuth.getClient (C:\vs_code\lengolf_booking\node_modules\googleapis-common\node_modules\google-auth-library\build\src\auth\googleauth.js:624:17)
    at async GoogleAuth.request (C:\vs_code\lengolf_booking\node_modules\googleapis-common\node_modules\google-auth-library\build\src\auth\googleauth.js:677:24)
    at async Object.getAllCustomers (C:\vs_code\lengolf_booking\services\google\sheetsService.js:20:26)
    at async Object.getCustomerData (C:\vs_code\lengolf_booking\services\customerService.js:12:18)
    at async exports.login (C:\vs_code\lengolf_booking\controllers\authController.js:33:30)
2024-09-29 09:20:02 [error]: Error verifying Google token: Could not load the default credentials. Browse to https://cloud.google.com/docs/authentication/getting-started for more information. - Error: Could not load the default credentials. Browse to https://cloud.google.com/docs/authentication/getting-started for more information.
    at GoogleAuth.getApplicationDefaultAsync (C:\vs_code\lengolf_booking\node_modules\googleapis-common\node_modules\google-auth-library\build\src\auth\googleauth.js:207:19)
    at process.processTicksAndRejections (node:internal/process/task_queues:95:5)
    at async GoogleAuth.getClient (C:\vs_code\lengolf_booking\node_modules\googleapis-common\node_modules\google-auth-library\build\src\auth\googleauth.js:624:17)
    at async GoogleAuth.request (C:\vs_code\lengolf_booking\node_modules\googleapis-common\node_modules\google-auth-library\build\src\auth\googleauth.js:677:24)
    at async Object.getAllCustomers (C:\vs_code\lengolf_booking\services\google\sheetsService.js:20:26)
    at async Object.getCustomerData (C:\vs_code\lengolf_booking\services\customerService.js:12:18)
    at async exports.login (C:\vs_code\lengolf_booking\controllers\authController.js:33:30)
2024-09-29 09:24:28 [error]: Error fetching customer data from Google Sheets: Could not load the default credentials. Browse to https://cloud.google.com/docs/authentication/getting-started for more information. - Error: Could not load the default credentials. Browse to https://cloud.google.com/docs/authentication/getting-started for more information.
    at GoogleAuth.getApplicationDefaultAsync (C:\vs_code\lengolf_booking\node_modules\googleapis-common\node_modules\google-auth-library\build\src\auth\googleauth.js:207:19)
    at process.processTicksAndRejections (node:internal/process/task_queues:95:5)
    at async GoogleAuth.getClient (C:\vs_code\lengolf_booking\node_modules\googleapis-common\node_modules\google-auth-library\build\src\auth\googleauth.js:624:17)
    at async GoogleAuth.request (C:\vs_code\lengolf_booking\node_modules\googleapis-common\node_modules\google-auth-library\build\src\auth\googleauth.js:677:24)
    at async Object.getAllCustomers (C:\vs_code\lengolf_booking\services\google\sheetsService.js:20:26)
    at async Object.getCustomerData (C:\vs_code\lengolf_booking\services\customerService.js:12:18)
    at async exports.login (C:\vs_code\lengolf_booking\controllers\authController.js:33:30)
2024-09-29 09:24:28 [error]: Error verifying Google token: Could not load the default credentials. Browse to https://cloud.google.com/docs/authentication/getting-started for more information. - Error: Could not load the default credentials. Browse to https://cloud.google.com/docs/authentication/getting-started for more information.
    at GoogleAuth.getApplicationDefaultAsync (C:\vs_code\lengolf_booking\node_modules\googleapis-common\node_modules\google-auth-library\build\src\auth\googleauth.js:207:19)
    at process.processTicksAndRejections (node:internal/process/task_queues:95:5)
    at async GoogleAuth.getClient (C:\vs_code\lengolf_booking\node_modules\googleapis-common\node_modules\google-auth-library\build\src\auth\googleauth.js:624:17)
    at async GoogleAuth.request (C:\vs_code\lengolf_booking\node_modules\googleapis-common\node_modules\google-auth-library\build\src\auth\googleauth.js:677:24)
    at async Object.getAllCustomers (C:\vs_code\lengolf_booking\services\google\sheetsService.js:20:26)
    at async Object.getCustomerData (C:\vs_code\lengolf_booking\services\customerService.js:12:18)
    at async exports.login (C:\vs_code\lengolf_booking\controllers\authController.js:33:30)
2024-09-29 09:24:53 [error]: Error fetching customer data from Google Sheets: Could not load the default credentials. Browse to https://cloud.google.com/docs/authentication/getting-started for more information. - Error: Could not load the default credentials. Browse to https://cloud.google.com/docs/authentication/getting-started for more information.
    at GoogleAuth.getApplicationDefaultAsync (C:\vs_code\lengolf_booking\node_modules\googleapis-common\node_modules\google-auth-library\build\src\auth\googleauth.js:207:19)
    at process.processTicksAndRejections (node:internal/process/task_queues:95:5)
    at async GoogleAuth.getClient (C:\vs_code\lengolf_booking\node_modules\googleapis-common\node_modules\google-auth-library\build\src\auth\googleauth.js:624:17)
    at async GoogleAuth.request (C:\vs_code\lengolf_booking\node_modules\googleapis-common\node_modules\google-auth-library\build\src\auth\googleauth.js:677:24)
    at async Object.getAllCustomers (C:\vs_code\lengolf_booking\services\google\sheetsService.js:20:26)
    at async Object.getCustomerData (C:\vs_code\lengolf_booking\services\customerService.js:12:18)
    at async exports.login (C:\vs_code\lengolf_booking\controllers\authController.js:33:30)
2024-09-29 09:24:53 [error]: Error verifying Google token: Could not load the default credentials. Browse to https://cloud.google.com/docs/authentication/getting-started for more information. - Error: Could not load the default credentials. Browse to https://cloud.google.com/docs/authentication/getting-started for more information.
    at GoogleAuth.getApplicationDefaultAsync (C:\vs_code\lengolf_booking\node_modules\googleapis-common\node_modules\google-auth-library\build\src\auth\googleauth.js:207:19)
    at process.processTicksAndRejections (node:internal/process/task_queues:95:5)
    at async GoogleAuth.getClient (C:\vs_code\lengolf_booking\node_modules\googleapis-common\node_modules\google-auth-library\build\src\auth\googleauth.js:624:17)
    at async GoogleAuth.request (C:\vs_code\lengolf_booking\node_modules\googleapis-common\node_modules\google-auth-library\build\src\auth\googleauth.js:677:24)
    at async Object.getAllCustomers (C:\vs_code\lengolf_booking\services\google\sheetsService.js:20:26)
    at async Object.getCustomerData (C:\vs_code\lengolf_booking\services\customerService.js:12:18)
    at async exports.login (C:\vs_code\lengolf_booking\controllers\authController.js:33:30)
2024-09-29 09:25:49 [error]: Error fetching customer data from Google Sheets: Could not load the default credentials. Browse to https://cloud.google.com/docs/authentication/getting-started for more information. - Error: Could not load the default credentials. Browse to https://cloud.google.com/docs/authentication/getting-started for more information.
    at GoogleAuth.getApplicationDefaultAsync (C:\vs_code\lengolf_booking\node_modules\googleapis-common\node_modules\google-auth-library\build\src\auth\googleauth.js:207:19)
    at process.processTicksAndRejections (node:internal/process/task_queues:95:5)
    at async GoogleAuth.getClient (C:\vs_code\lengolf_booking\node_modules\googleapis-common\node_modules\google-auth-library\build\src\auth\googleauth.js:624:17)
    at async GoogleAuth.request (C:\vs_code\lengolf_booking\node_modules\googleapis-common\node_modules\google-auth-library\build\src\auth\googleauth.js:677:24)
    at async Object.getAllCustomers (C:\vs_code\lengolf_booking\services\google\sheetsService.js:20:26)
    at async Object.getCustomerData (C:\vs_code\lengolf_booking\services\customerService.js:12:18)
    at async exports.login (C:\vs_code\lengolf_booking\controllers\authController.js:33:30)
2024-09-29 09:25:49 [error]: Error verifying Google token: Could not load the default credentials. Browse to https://cloud.google.com/docs/authentication/getting-started for more information. - Error: Could not load the default credentials. Browse to https://cloud.google.com/docs/authentication/getting-started for more information.
    at GoogleAuth.getApplicationDefaultAsync (C:\vs_code\lengolf_booking\node_modules\googleapis-common\node_modules\google-auth-library\build\src\auth\googleauth.js:207:19)
    at process.processTicksAndRejections (node:internal/process/task_queues:95:5)
    at async GoogleAuth.getClient (C:\vs_code\lengolf_booking\node_modules\googleapis-common\node_modules\google-auth-library\build\src\auth\googleauth.js:624:17)
    at async GoogleAuth.request (C:\vs_code\lengolf_booking\node_modules\googleapis-common\node_modules\google-auth-library\build\src\auth\googleauth.js:677:24)
    at async Object.getAllCustomers (C:\vs_code\lengolf_booking\services\google\sheetsService.js:20:26)
    at async Object.getCustomerData (C:\vs_code\lengolf_booking\services\customerService.js:12:18)
    at async exports.login (C:\vs_code\lengolf_booking\controllers\authController.js:33:30)
2024-09-29 09:33:29 [error]: Error creating Sheets client: googleApiConfig.googleAuth.getClient is not a function - TypeError: googleApiConfig.googleAuth.getClient is not a function
    at getSheetsClient (C:\vs_code\lengolf_booking\services\google\sheetsService.js:9:61)
    at Object.getAllCustomers (C:\vs_code\lengolf_booking\services\google\sheetsService.js:23:30)
    at Object.getCustomerData (C:\vs_code\lengolf_booking\services\customerService.js:12:38)
    at exports.login (C:\vs_code\lengolf_booking\controllers\authController.js:33:52)
    at process.processTicksAndRejections (node:internal/process/task_queues:95:5)
2024-09-29 09:33:29 [error]: Error fetching customer data from Google Sheets: googleApiConfig.googleAuth.getClient is not a function - TypeError: googleApiConfig.googleAuth.getClient is not a function
    at getSheetsClient (C:\vs_code\lengolf_booking\services\google\sheetsService.js:9:61)
    at Object.getAllCustomers (C:\vs_code\lengolf_booking\services\google\sheetsService.js:23:30)
    at Object.getCustomerData (C:\vs_code\lengolf_booking\services\customerService.js:12:38)
    at exports.login (C:\vs_code\lengolf_booking\controllers\authController.js:33:52)
    at process.processTicksAndRejections (node:internal/process/task_queues:95:5)
2024-09-29 09:33:29 [error]: Error verifying Google token: googleApiConfig.googleAuth.getClient is not a function - TypeError: googleApiConfig.googleAuth.getClient is not a function
    at getSheetsClient (C:\vs_code\lengolf_booking\services\google\sheetsService.js:9:61)
    at Object.getAllCustomers (C:\vs_code\lengolf_booking\services\google\sheetsService.js:23:30)
    at Object.getCustomerData (C:\vs_code\lengolf_booking\services\customerService.js:12:38)
    at exports.login (C:\vs_code\lengolf_booking\controllers\authController.js:33:52)
    at process.processTicksAndRejections (node:internal/process/task_queues:95:5)
2024-09-29 09:36:49 [error]: Error processing booking: bookingService.updateCustomerData is not a function - TypeError: bookingService.updateCustomerData is not a function
    at exports.bookSlot (C:\vs_code\lengolf_booking\controllers\bookingController.js:48:30)
    at process.processTicksAndRejections (node:internal/process/task_queues:95:5)
2024-09-29 09:45:44 [error]: Error accessing Redis: key is not defined - ReferenceError: key is not defined
    at Object.getAvailableSlots (C:\vs_code\lengolf_booking\services\bookingService.js:127:57)
    at exports.getAvailableSlots (C:\vs_code\lengolf_booking\controllers\bookingController.js:19:53)
    at Layer.handle [as handle_request] (C:\vs_code\lengolf_booking\node_modules\express\lib\router\layer.js:95:5)
    at next (C:\vs_code\lengolf_booking\node_modules\express\lib\router\route.js:149:13)
    at authenticateJWT (C:\vs_code\lengolf_booking\middlewares\authMiddleware.js:80:9)
2024-09-29 09:45:44 [error]: Error fetching available slots: key is not defined - ReferenceError: key is not defined
    at Object.getAvailableSlots (C:\vs_code\lengolf_booking\services\bookingService.js:127:57)
    at exports.getAvailableSlots (C:\vs_code\lengolf_booking\controllers\bookingController.js:19:53)
    at Layer.handle [as handle_request] (C:\vs_code\lengolf_booking\node_modules\express\lib\router\layer.js:95:5)
    at next (C:\vs_code\lengolf_booking\node_modules\express\lib\router\route.js:149:13)
    at authenticateJWT (C:\vs_code\lengolf_booking\middlewares\authMiddleware.js:80:9)
2024-09-29 09:45:55 [error]: Error accessing Redis: key is not defined - ReferenceError: key is not defined
    at Object.getAvailableSlots (C:\vs_code\lengolf_booking\services\bookingService.js:127:57)
    at exports.getAvailableSlots (C:\vs_code\lengolf_booking\controllers\bookingController.js:19:53)
    at Layer.handle [as handle_request] (C:\vs_code\lengolf_booking\node_modules\express\lib\router\layer.js:95:5)
    at next (C:\vs_code\lengolf_booking\node_modules\express\lib\router\route.js:149:13)
    at authenticateJWT (C:\vs_code\lengolf_booking\middlewares\authMiddleware.js:80:9)
2024-09-29 09:45:55 [error]: Error fetching available slots: key is not defined - ReferenceError: key is not defined
    at Object.getAvailableSlots (C:\vs_code\lengolf_booking\services\bookingService.js:127:57)
    at exports.getAvailableSlots (C:\vs_code\lengolf_booking\controllers\bookingController.js:19:53)
    at Layer.handle [as handle_request] (C:\vs_code\lengolf_booking\node_modules\express\lib\router\layer.js:95:5)
    at next (C:\vs_code\lengolf_booking\node_modules\express\lib\router\route.js:149:13)
    at authenticateJWT (C:\vs_code\lengolf_booking\middlewares\authMiddleware.js:80:9)
2024-09-29 09:46:53 [error]: Error accessing Redis: key is not defined - ReferenceError: key is not defined
    at Object.getAvailableSlots (C:\vs_code\lengolf_booking\services\bookingService.js:127:57)
    at exports.getAvailableSlots (C:\vs_code\lengolf_booking\controllers\bookingController.js:19:53)
    at Layer.handle [as handle_request] (C:\vs_code\lengolf_booking\node_modules\express\lib\router\layer.js:95:5)
    at next (C:\vs_code\lengolf_booking\node_modules\express\lib\router\route.js:149:13)
    at authenticateJWT (C:\vs_code\lengolf_booking\middlewares\authMiddleware.js:80:9)
2024-09-29 09:46:53 [error]: Error fetching available slots: key is not defined - ReferenceError: key is not defined
    at Object.getAvailableSlots (C:\vs_code\lengolf_booking\services\bookingService.js:127:57)
    at exports.getAvailableSlots (C:\vs_code\lengolf_booking\controllers\bookingController.js:19:53)
    at Layer.handle [as handle_request] (C:\vs_code\lengolf_booking\node_modules\express\lib\router\layer.js:95:5)
    at next (C:\vs_code\lengolf_booking\node_modules\express\lib\router\route.js:149:13)
    at authenticateJWT (C:\vs_code\lengolf_booking\middlewares\authMiddleware.js:80:9)
2024-09-29 09:48:58 [error]: Error accessing Redis: key is not defined - ReferenceError: key is not defined
    at Object.getAvailableSlots (C:\vs_code\lengolf_booking\services\bookingService.js:127:57)
    at exports.getAvailableSlots (C:\vs_code\lengolf_booking\controllers\bookingController.js:19:53)
    at Layer.handle [as handle_request] (C:\vs_code\lengolf_booking\node_modules\express\lib\router\layer.js:95:5)
    at next (C:\vs_code\lengolf_booking\node_modules\express\lib\router\route.js:149:13)
    at authenticateJWT (C:\vs_code\lengolf_booking\middlewares\authMiddleware.js:80:9)
2024-09-29 09:48:58 [error]: Error fetching available slots: key is not defined - ReferenceError: key is not defined
    at Object.getAvailableSlots (C:\vs_code\lengolf_booking\services\bookingService.js:127:57)
    at exports.getAvailableSlots (C:\vs_code\lengolf_booking\controllers\bookingController.js:19:53)
    at Layer.handle [as handle_request] (C:\vs_code\lengolf_booking\node_modules\express\lib\router\layer.js:95:5)
    at next (C:\vs_code\lengolf_booking\node_modules\express\lib\router\route.js:149:13)
    at authenticateJWT (C:\vs_code\lengolf_booking\middlewares\authMiddleware.js:80:9)
2024-09-29 09:49:23 [error]: Error accessing Redis: key is not defined - ReferenceError: key is not defined
    at Object.getAvailableSlots (C:\vs_code\lengolf_booking\services\bookingService.js:127:57)
    at exports.getAvailableSlots (C:\vs_code\lengolf_booking\controllers\bookingController.js:19:53)
    at Layer.handle [as handle_request] (C:\vs_code\lengolf_booking\node_modules\express\lib\router\layer.js:95:5)
    at next (C:\vs_code\lengolf_booking\node_modules\express\lib\router\route.js:149:13)
    at authenticateJWT (C:\vs_code\lengolf_booking\middlewares\authMiddleware.js:80:9)
2024-09-29 09:49:23 [error]: Error fetching available slots: key is not defined - ReferenceError: key is not defined
    at Object.getAvailableSlots (C:\vs_code\lengolf_booking\services\bookingService.js:127:57)
    at exports.getAvailableSlots (C:\vs_code\lengolf_booking\controllers\bookingController.js:19:53)
    at Layer.handle [as handle_request] (C:\vs_code\lengolf_booking\node_modules\express\lib\router\layer.js:95:5)
    at next (C:\vs_code\lengolf_booking\node_modules\express\lib\router\route.js:149:13)
    at authenticateJWT (C:\vs_code\lengolf_booking\middlewares\authMiddleware.js:80:9)
2024-09-29 09:50:48 [error]: Error accessing Redis: Cannot read properties of undefined (reading 'get') - TypeError: Cannot read properties of undefined (reading 'get')
    at Object.getAvailableSlots (C:\vs_code\lengolf_booking\services\bookingService.js:127:60)
    at exports.getAvailableSlots (C:\vs_code\lengolf_booking\controllers\bookingController.js:19:53)
    at Layer.handle [as handle_request] (C:\vs_code\lengolf_booking\node_modules\express\lib\router\layer.js:95:5)
    at next (C:\vs_code\lengolf_booking\node_modules\express\lib\router\route.js:149:13)
    at authenticateJWT (C:\vs_code\lengolf_booking\middlewares\authMiddleware.js:80:9)
2024-09-29 09:50:48 [error]: Error fetching available slots: Cannot read properties of undefined (reading 'get') - TypeError: Cannot read properties of undefined (reading 'get')
    at Object.getAvailableSlots (C:\vs_code\lengolf_booking\services\bookingService.js:127:60)
    at exports.getAvailableSlots (C:\vs_code\lengolf_booking\controllers\bookingController.js:19:53)
    at Layer.handle [as handle_request] (C:\vs_code\lengolf_booking\node_modules\express\lib\router\layer.js:95:5)
    at next (C:\vs_code\lengolf_booking\node_modules\express\lib\router\route.js:149:13)
    at authenticateJWT (C:\vs_code\lengolf_booking\middlewares\authMiddleware.js:80:9)
2024-09-29 11:49:12 [error]: Redis Client Error read ECONNRESET - Error: read ECONNRESET
    at TCP.onStreamRead (node:internal/stream_base_commons:218:20)
2024-09-29 14:57:21 [error]: Redis Client Error read ECONNRESET - Error: read ECONNRESET
    at TCP.onStreamRead (node:internal/stream_base_commons:218:20)
2024-09-29 21:29:34 [error]: Redis Client Error read ECONNRESET - Error: read ECONNRESET
    at TCP.onStreamRead (node:internal/stream_base_commons:218:20)
2024-09-29 22:33:03 [error]: Error accessing Redis: Cannot read properties of undefined (reading 'get') - TypeError: Cannot read properties of undefined (reading 'get')
    at Object.getAvailableSlots (C:\vs_code\lengolf_booking\services\bookingService.js:127:60)
    at exports.getAvailableSlots (C:\vs_code\lengolf_booking\controllers\bookingController.js:19:53)
    at Layer.handle [as handle_request] (C:\vs_code\lengolf_booking\node_modules\express\lib\router\layer.js:95:5)
    at next (C:\vs_code\lengolf_booking\node_modules\express\lib\router\route.js:149:13)
    at authenticateJWT (C:\vs_code\lengolf_booking\middlewares\authMiddleware.js:80:9)
2024-09-29 22:33:03 [error]: Error fetching available slots: Cannot read properties of undefined (reading 'get') - TypeError: Cannot read properties of undefined (reading 'get')
    at Object.getAvailableSlots (C:\vs_code\lengolf_booking\services\bookingService.js:127:60)
    at exports.getAvailableSlots (C:\vs_code\lengolf_booking\controllers\bookingController.js:19:53)
    at Layer.handle [as handle_request] (C:\vs_code\lengolf_booking\node_modules\express\lib\router\layer.js:95:5)
    at next (C:\vs_code\lengolf_booking\node_modules\express\lib\router\route.js:149:13)
    at authenticateJWT (C:\vs_code\lengolf_booking\middlewares\authMiddleware.js:80:9)
2024-09-29 22:33:07 [error]: Error accessing Redis: Cannot read properties of undefined (reading 'get') - TypeError: Cannot read properties of undefined (reading 'get')
    at Object.getAvailableSlots (C:\vs_code\lengolf_booking\services\bookingService.js:127:60)
    at exports.getAvailableSlots (C:\vs_code\lengolf_booking\controllers\bookingController.js:19:53)
    at Layer.handle [as handle_request] (C:\vs_code\lengolf_booking\node_modules\express\lib\router\layer.js:95:5)
    at next (C:\vs_code\lengolf_booking\node_modules\express\lib\router\route.js:149:13)
    at authenticateJWT (C:\vs_code\lengolf_booking\middlewares\authMiddleware.js:80:9)
2024-09-29 22:33:07 [error]: Error fetching available slots: Cannot read properties of undefined (reading 'get') - TypeError: Cannot read properties of undefined (reading 'get')
    at Object.getAvailableSlots (C:\vs_code\lengolf_booking\services\bookingService.js:127:60)
    at exports.getAvailableSlots (C:\vs_code\lengolf_booking\controllers\bookingController.js:19:53)
    at Layer.handle [as handle_request] (C:\vs_code\lengolf_booking\node_modules\express\lib\router\layer.js:95:5)
    at next (C:\vs_code\lengolf_booking\node_modules\express\lib\router\route.js:149:13)
    at authenticateJWT (C:\vs_code\lengolf_booking\middlewares\authMiddleware.js:80:9)
2024-09-30 00:16:36 [error]: Redis Client Error read ECONNRESET - Error: read ECONNRESET
    at TCP.onStreamRead (node:internal/stream_base_commons:218:20)
2024-09-30 01:51:47 [error]: Redis Client Error read ECONNRESET - Error: read ECONNRESET
    at TCP.onStreamRead (node:internal/stream_base_commons:218:20)
2024-09-30 02:51:56 [error]: Redis Client Error read ECONNRESET - Error: read ECONNRESET
    at TCP.onStreamRead (node:internal/stream_base_commons:218:20)
2024-09-30 03:00:51 [error]: Redis Client Error read ECONNRESET - Error: read ECONNRESET
    at TCP.onStreamRead (node:internal/stream_base_commons:218:20)
2024-09-30 04:02:55 [error]: Redis Client Error read ECONNRESET - Error: read ECONNRESET
    at TCP.onStreamRead (node:internal/stream_base_commons:218:20)
2024-09-30 07:41:03 [error]: Redis Client Error read ECONNRESET - Error: read ECONNRESET
    at TCP.onStreamRead (node:internal/stream_base_commons:218:20)
2024-09-30 10:52:01 [error]: Redis Client Error read ECONNRESET - Error: read ECONNRESET
    at TCP.onStreamRead (node:internal/stream_base_commons:218:20)
2024-09-30 13:16:26 [error]: Redis Client Error read ECONNRESET - Error: read ECONNRESET
    at TCP.onStreamRead (node:internal/stream_base_commons:218:20)
2024-09-30 13:30:30 [error]: Redis Client Error read ECONNRESET - Error: read ECONNRESET
    at TCP.onStreamRead (node:internal/stream_base_commons:218:20)
2024-09-30 18:10:29 [error]: Error fetching free/busy for calendar a6234ae4e57933edb48a264fff4c5d3d3653f7bedce12cfd9a707c6c0ff092e4@group.calendar.google.com: Missing timeMin parameter. - Error: Missing timeMin parameter.
    at Gaxios._request (C:\vs_code\lengolf_booking\node_modules\google-auth-library\node_modules\gaxios\build\src\gaxios.js:142:23)
    at process.processTicksAndRejections (node:internal/process/task_queues:95:5)
    at async JWT.requestAsync (C:\vs_code\lengolf_booking\node_modules\google-auth-library\build\src\auth\oauth2client.js:429:18)
    at async Object.fetchBusyTimes (C:\vs_code\lengolf_booking\services\google\calendarService.js:43:26)
    at async fetchAllBaysBusyTimes (C:\vs_code\lengolf_booking\services\bookingService.js:23:22)
    at async getAvailableStartTimes (C:\vs_code\lengolf_booking\services\bookingService.js:41:23)
    at async Object.getAvailableSlots (C:\vs_code\lengolf_booking\services\bookingService.js:147:23)
    at async exports.getAvailableSlots (C:\vs_code\lengolf_booking\controllers\bookingController.js:19:32)
2024-09-30 18:10:29 [error]: Error fetching free/busy for calendar 3a700346dd902abd4aa448ee63e184a62f05d38bb39cb19a8fc27116c6df3233@group.calendar.google.com: Missing timeMin parameter. - Error: Missing timeMin parameter.
    at Gaxios._request (C:\vs_code\lengolf_booking\node_modules\google-auth-library\node_modules\gaxios\build\src\gaxios.js:142:23)
    at process.processTicksAndRejections (node:internal/process/task_queues:95:5)
    at async JWT.requestAsync (C:\vs_code\lengolf_booking\node_modules\google-auth-library\build\src\auth\oauth2client.js:429:18)
    at async Object.fetchBusyTimes (C:\vs_code\lengolf_booking\services\google\calendarService.js:43:26)
    at async fetchAllBaysBusyTimes (C:\vs_code\lengolf_booking\services\bookingService.js:23:22)
    at async getAvailableStartTimes (C:\vs_code\lengolf_booking\services\bookingService.js:41:23)
    at async Object.getAvailableSlots (C:\vs_code\lengolf_booking\services\bookingService.js:147:23)
    at async exports.getAvailableSlots (C:\vs_code\lengolf_booking\controllers\bookingController.js:19:32)
2024-09-30 18:10:30 [error]: Error fetching free/busy for calendar 092757d971c313c2986b43f4c8552382a7e273b183722a44a1c4e1a396568ca3@group.calendar.google.com: Missing timeMin parameter. - Error: Missing timeMin parameter.
    at Gaxios._request (C:\vs_code\lengolf_booking\node_modules\google-auth-library\node_modules\gaxios\build\src\gaxios.js:142:23)
    at process.processTicksAndRejections (node:internal/process/task_queues:95:5)
    at async JWT.requestAsync (C:\vs_code\lengolf_booking\node_modules\google-auth-library\build\src\auth\oauth2client.js:429:18)
    at async Object.fetchBusyTimes (C:\vs_code\lengolf_booking\services\google\calendarService.js:43:26)
    at async fetchAllBaysBusyTimes (C:\vs_code\lengolf_booking\services\bookingService.js:23:22)
    at async getAvailableStartTimes (C:\vs_code\lengolf_booking\services\bookingService.js:41:23)
    at async Object.getAvailableSlots (C:\vs_code\lengolf_booking\services\bookingService.js:147:23)
    at async exports.getAvailableSlots (C:\vs_code\lengolf_booking\controllers\bookingController.js:19:32)
2024-09-30 18:40:27 [error]: Error fetching free/busy for calendar a6234ae4e57933edb48a264fff4c5d3d3653f7bedce12cfd9a707c6c0ff092e4@group.calendar.google.com: Missing timeMin parameter. - Error: Missing timeMin parameter.
    at Gaxios._request (C:\vs_code\lengolf_booking\node_modules\google-auth-library\node_modules\gaxios\build\src\gaxios.js:142:23)
    at process.processTicksAndRejections (node:internal/process/task_queues:95:5)
    at async JWT.requestAsync (C:\vs_code\lengolf_booking\node_modules\google-auth-library\build\src\auth\oauth2client.js:429:18)
    at async Object.fetchBusyTimes (C:\vs_code\lengolf_booking\services\google\calendarService.js:43:26)
    at async fetchAllBaysBusyTimes (C:\vs_code\lengolf_booking\services\bookingService.js:23:22)
    at async getAvailableStartTimes (C:\vs_code\lengolf_booking\services\bookingService.js:41:23)
    at async Object.getAvailableSlots (C:\vs_code\lengolf_booking\services\bookingService.js:147:23)
    at async exports.getAvailableSlots (C:\vs_code\lengolf_booking\controllers\bookingController.js:19:32)
2024-09-30 18:40:28 [error]: Error fetching free/busy for calendar 3a700346dd902abd4aa448ee63e184a62f05d38bb39cb19a8fc27116c6df3233@group.calendar.google.com: Missing timeMin parameter. - Error: Missing timeMin parameter.
    at Gaxios._request (C:\vs_code\lengolf_booking\node_modules\google-auth-library\node_modules\gaxios\build\src\gaxios.js:142:23)
    at process.processTicksAndRejections (node:internal/process/task_queues:95:5)
    at async JWT.requestAsync (C:\vs_code\lengolf_booking\node_modules\google-auth-library\build\src\auth\oauth2client.js:429:18)
    at async Object.fetchBusyTimes (C:\vs_code\lengolf_booking\services\google\calendarService.js:43:26)
    at async fetchAllBaysBusyTimes (C:\vs_code\lengolf_booking\services\bookingService.js:23:22)
    at async getAvailableStartTimes (C:\vs_code\lengolf_booking\services\bookingService.js:41:23)
    at async Object.getAvailableSlots (C:\vs_code\lengolf_booking\services\bookingService.js:147:23)
    at async exports.getAvailableSlots (C:\vs_code\lengolf_booking\controllers\bookingController.js:19:32)
2024-09-30 18:40:28 [error]: Error fetching free/busy for calendar 092757d971c313c2986b43f4c8552382a7e273b183722a44a1c4e1a396568ca3@group.calendar.google.com: Missing timeMin parameter. - Error: Missing timeMin parameter.
    at Gaxios._request (C:\vs_code\lengolf_booking\node_modules\google-auth-library\node_modules\gaxios\build\src\gaxios.js:142:23)
    at process.processTicksAndRejections (node:internal/process/task_queues:95:5)
    at async JWT.requestAsync (C:\vs_code\lengolf_booking\node_modules\google-auth-library\build\src\auth\oauth2client.js:429:18)
    at async Object.fetchBusyTimes (C:\vs_code\lengolf_booking\services\google\calendarService.js:43:26)
    at async fetchAllBaysBusyTimes (C:\vs_code\lengolf_booking\services\bookingService.js:23:22)
    at async getAvailableStartTimes (C:\vs_code\lengolf_booking\services\bookingService.js:41:23)
    at async Object.getAvailableSlots (C:\vs_code\lengolf_booking\services\bookingService.js:147:23)
    at async exports.getAvailableSlots (C:\vs_code\lengolf_booking\controllers\bookingController.js:19:32)
2024-09-30 18:41:16 [error]: Error fetching free/busy for calendar a6234ae4e57933edb48a264fff4c5d3d3653f7bedce12cfd9a707c6c0ff092e4@group.calendar.google.com: Missing timeMin parameter. - Error: Missing timeMin parameter.
    at Gaxios._request (C:\vs_code\lengolf_booking\node_modules\google-auth-library\node_modules\gaxios\build\src\gaxios.js:142:23)
    at process.processTicksAndRejections (node:internal/process/task_queues:95:5)
    at async JWT.requestAsync (C:\vs_code\lengolf_booking\node_modules\google-auth-library\build\src\auth\oauth2client.js:429:18)
    at async Object.fetchBusyTimes (C:\vs_code\lengolf_booking\services\google\calendarService.js:43:26)
    at async fetchAllBaysBusyTimes (C:\vs_code\lengolf_booking\services\bookingService.js:23:22)
    at async assignBay (C:\vs_code\lengolf_booking\services\bookingService.js:167:23)
    at async Object.createBooking (C:\vs_code\lengolf_booking\services\bookingService.js:206:25)
    at async exports.bookSlot (C:\vs_code\lengolf_booking\controllers\bookingController.js:43:25)
2024-09-30 18:41:16 [error]: Error fetching free/busy for calendar 3a700346dd902abd4aa448ee63e184a62f05d38bb39cb19a8fc27116c6df3233@group.calendar.google.com: Missing timeMin parameter. - Error: Missing timeMin parameter.
    at Gaxios._request (C:\vs_code\lengolf_booking\node_modules\google-auth-library\node_modules\gaxios\build\src\gaxios.js:142:23)
    at process.processTicksAndRejections (node:internal/process/task_queues:95:5)
    at async JWT.requestAsync (C:\vs_code\lengolf_booking\node_modules\google-auth-library\build\src\auth\oauth2client.js:429:18)
    at async Object.fetchBusyTimes (C:\vs_code\lengolf_booking\services\google\calendarService.js:43:26)
    at async fetchAllBaysBusyTimes (C:\vs_code\lengolf_booking\services\bookingService.js:23:22)
    at async assignBay (C:\vs_code\lengolf_booking\services\bookingService.js:167:23)
    at async Object.createBooking (C:\vs_code\lengolf_booking\services\bookingService.js:206:25)
    at async exports.bookSlot (C:\vs_code\lengolf_booking\controllers\bookingController.js:43:25)
2024-09-30 18:41:17 [error]: Error fetching free/busy for calendar 092757d971c313c2986b43f4c8552382a7e273b183722a44a1c4e1a396568ca3@group.calendar.google.com: Missing timeMin parameter. - Error: Missing timeMin parameter.
    at Gaxios._request (C:\vs_code\lengolf_booking\node_modules\google-auth-library\node_modules\gaxios\build\src\gaxios.js:142:23)
    at process.processTicksAndRejections (node:internal/process/task_queues:95:5)
    at async JWT.requestAsync (C:\vs_code\lengolf_booking\node_modules\google-auth-library\build\src\auth\oauth2client.js:429:18)
    at async Object.fetchBusyTimes (C:\vs_code\lengolf_booking\services\google\calendarService.js:43:26)
    at async fetchAllBaysBusyTimes (C:\vs_code\lengolf_booking\services\bookingService.js:23:22)
    at async assignBay (C:\vs_code\lengolf_booking\services\bookingService.js:167:23)
    at async Object.createBooking (C:\vs_code\lengolf_booking\services\bookingService.js:206:25)
    at async exports.bookSlot (C:\vs_code\lengolf_booking\controllers\bookingController.js:43:25)
2024-09-30 18:41:17 [error]: Error inserting event into calendar a6234ae4e57933edb48a264fff4c5d3d3653f7bedce12cfd9a707c6c0ff092e4@group.calendar.google.com: Start and end times must either both be date or both be dateTime. - Error: Start and end times must either both be date or both be dateTime.
    at Gaxios._request (C:\vs_code\lengolf_booking\node_modules\google-auth-library\node_modules\gaxios\build\src\gaxios.js:142:23)
    at process.processTicksAndRejections (node:internal/process/task_queues:95:5)
    at async JWT.requestAsync (C:\vs_code\lengolf_booking\node_modules\google-auth-library\build\src\auth\oauth2client.js:429:18)
    at async Object.insertEvent (C:\vs_code\lengolf_booking\services\google\calendarService.js:64:26)
    at async Object.createBooking (C:\vs_code\lengolf_booking\services\bookingService.js:230:9)
    at async exports.bookSlot (C:\vs_code\lengolf_booking\controllers\bookingController.js:43:25)
2024-09-30 18:41:17 [error]: Error creating booking: Start and end times must either both be date or both be dateTime. - Error: Start and end times must either both be date or both be dateTime.
    at Gaxios._request (C:\vs_code\lengolf_booking\node_modules\google-auth-library\node_modules\gaxios\build\src\gaxios.js:142:23)
    at process.processTicksAndRejections (node:internal/process/task_queues:95:5)
    at async JWT.requestAsync (C:\vs_code\lengolf_booking\node_modules\google-auth-library\build\src\auth\oauth2client.js:429:18)
    at async Object.insertEvent (C:\vs_code\lengolf_booking\services\google\calendarService.js:64:26)
    at async Object.createBooking (C:\vs_code\lengolf_booking\services\bookingService.js:230:9)
    at async exports.bookSlot (C:\vs_code\lengolf_booking\controllers\bookingController.js:43:25)
2024-09-30 18:41:32 [error]: Error fetching free/busy for calendar a6234ae4e57933edb48a264fff4c5d3d3653f7bedce12cfd9a707c6c0ff092e4@group.calendar.google.com: Missing timeMin parameter. - Error: Missing timeMin parameter.
    at Gaxios._request (C:\vs_code\lengolf_booking\node_modules\google-auth-library\node_modules\gaxios\build\src\gaxios.js:142:23)
    at process.processTicksAndRejections (node:internal/process/task_queues:95:5)
    at async JWT.requestAsync (C:\vs_code\lengolf_booking\node_modules\google-auth-library\build\src\auth\oauth2client.js:429:18)
    at async Object.fetchBusyTimes (C:\vs_code\lengolf_booking\services\google\calendarService.js:43:26)
    at async fetchAllBaysBusyTimes (C:\vs_code\lengolf_booking\services\bookingService.js:23:22)
    at async getAvailableStartTimes (C:\vs_code\lengolf_booking\services\bookingService.js:41:23)
    at async Object.getAvailableSlots (C:\vs_code\lengolf_booking\services\bookingService.js:147:23)
    at async exports.getAvailableSlots (C:\vs_code\lengolf_booking\controllers\bookingController.js:19:32)
2024-09-30 18:41:32 [error]: Error fetching free/busy for calendar 3a700346dd902abd4aa448ee63e184a62f05d38bb39cb19a8fc27116c6df3233@group.calendar.google.com: Missing timeMin parameter. - Error: Missing timeMin parameter.
    at Gaxios._request (C:\vs_code\lengolf_booking\node_modules\google-auth-library\node_modules\gaxios\build\src\gaxios.js:142:23)
    at process.processTicksAndRejections (node:internal/process/task_queues:95:5)
    at async JWT.requestAsync (C:\vs_code\lengolf_booking\node_modules\google-auth-library\build\src\auth\oauth2client.js:429:18)
    at async Object.fetchBusyTimes (C:\vs_code\lengolf_booking\services\google\calendarService.js:43:26)
    at async fetchAllBaysBusyTimes (C:\vs_code\lengolf_booking\services\bookingService.js:23:22)
    at async getAvailableStartTimes (C:\vs_code\lengolf_booking\services\bookingService.js:41:23)
    at async Object.getAvailableSlots (C:\vs_code\lengolf_booking\services\bookingService.js:147:23)
    at async exports.getAvailableSlots (C:\vs_code\lengolf_booking\controllers\bookingController.js:19:32)
2024-09-30 18:41:33 [error]: Error fetching free/busy for calendar 092757d971c313c2986b43f4c8552382a7e273b183722a44a1c4e1a396568ca3@group.calendar.google.com: Missing timeMin parameter. - Error: Missing timeMin parameter.
    at Gaxios._request (C:\vs_code\lengolf_booking\node_modules\google-auth-library\node_modules\gaxios\build\src\gaxios.js:142:23)
    at process.processTicksAndRejections (node:internal/process/task_queues:95:5)
    at async JWT.requestAsync (C:\vs_code\lengolf_booking\node_modules\google-auth-library\build\src\auth\oauth2client.js:429:18)
    at async Object.fetchBusyTimes (C:\vs_code\lengolf_booking\services\google\calendarService.js:43:26)
    at async fetchAllBaysBusyTimes (C:\vs_code\lengolf_booking\services\bookingService.js:23:22)
    at async getAvailableStartTimes (C:\vs_code\lengolf_booking\services\bookingService.js:41:23)
    at async Object.getAvailableSlots (C:\vs_code\lengolf_booking\services\bookingService.js:147:23)
    at async exports.getAvailableSlots (C:\vs_code\lengolf_booking\controllers\bookingController.js:19:32)
